LOGGING = {
    'version': 1,
    'disable_existing_loggers': False,
    'formatters': {
        'verbose': {
            'format': '{levelname} {asctime} {module} {message}',
            'style': '{',
        },
        'simple': {
            'format': '{levelname} {message}',
            'style': '{',
        },
    },
    'handlers': {
        'file': {
            'level': 'ERROR',
            'class': 'logging.FileHandler',
            'filename': os.path.join(BASE_DIR, 'logs', 'django_errors.log'),  # 絶対パスを指定
            'formatter': 'verbose',
        },
    },
    'loggers': {
        'django': {
            'handlers': ['file'],
            'level': 'ERROR',
            'propagate': True,
        },
    },
}
